# Base apps
audacity
bitwarden
discord
gimp
# qbittorrent
transmission-qt
virtualbox-bin
virtualbox-host-modules-arch
virtualbox-ext-oracle
wireshark-qt
firefox-bin
joplin-appimage
solaar  # logitech device manager
normcap # ocr
notion-app
onlyoffice-bin
spotify
simplenote-electron-bin
telegram-desktop-bin
visual-studio-code-bin
lightly-qt # theme for KDE
thunderbird-bin
anydesk
chromium
# pycharm-community-edition
# intellij-idea-ultimate-edition
# clion
kdrive-bin
etcher-bin # flash SD card
foliate    # Epub reader
peek       # Screen recorder
wezterm    # Terminal emulator
minecraft-launcher
morgen-bin   # calendar
qdirstat-bin # win dir stat

# KDE Apps
ark
dolphin
kalendar
kate
elisa
kcalc
kdeconnect
# konsole
partitionmanager
okular
pinta
spectacle

# KDE Components
dolphin-plugins
kdeplasma-addons
kdegraphics-thumbnailers # pdf thumbnails
ffmpegthumbs             # video thumbnails
nm-connection-editor
appmenu-gtk-module

# CLI Apps
neofetch
nmap
lsd
android-tools
powertop
traceroute
tree
autojump
rmtrash
wget
docker
docker-compose
btop
firewalld

# Latex
texlive-bin
texlive-basic
texlive-latexextra
texlive-mathscience
texlive-binextra # to install latexmk
texlive-langfrench
texlive-langenglish

# Fonts
noto-fonts
noto-fonts-emoji
ttf-meslo-nerd-font-powerlevel10k
ttf-jetbrains-mono-nerd
ttf-clarity-city
gnu-free-fonts

# Neovim
neovim
npm     # for neovim
ripgrep # for telescope.nvim

# Zsh
zsh
zsh-theme-powerlevel10k-bin-git
zsh-completions
zsh-autosuggestions
zsh-syntax-highlighting
zsh-history-substring-search

# Required components
gcc
clang
optimus-manager
optimus-manager-qt
gnupg
openssh
cmake
libinput-gestures
xdotool
xclip # to handle shared clipbord in NVIM
wmctrl
xdg-desktop-portal
p7zip
termscp-bin
